<?xml version="1.0" encoding="UTF-8"?>
<!-- Generated by org.testng.reporters.JUnitXMLReporter -->
<testsuite ignored="2" hostname="DESKTOP-GC6KELD" failures="0" tests="1" name="Default test" time="32.069" errors="0" timestamp="2024-07-14T13:49:44 IST">
  <testcase classname="com.comcast.crm.contacttest.CreateContact_Test" name="CreateContactTest" time="16.678"/>
  <testcase classname="com.comcast.crm.contacttest.CreateContact_Test" name="createcontactwithOrgTest" time="0.0">
    <ignored/>
  </testcase> <!-- createcontactwithOrgTest -->
  <testcase classname="com.comcast.crm.contacttest.CreateContact_Test" name="createContactWithsupportDateTest" time="0.0">
    <ignored/>
  </testcase> <!-- createContactWithsupportDateTest -->
</testsuite> <!-- Default test -->
