<?xml version="1.0" encoding="UTF-8"?>
<!-- Generated by org.testng.reporters.JUnitXMLReporter -->
<testsuite ignored="0" hostname="DESKTOP-GC6KELD" failures="1" tests="2" name="Test" time="29.153" errors="0" timestamp="2024-07-10T12:51:05 IST">
  <testcase classname="Practicetest.InvoiceTest" name="createInvoiceTest" time="0.098">
    <failure type="junit.framework.ComparisonFailure" message="expected:&amp;lt;[Administrator - Home - vtiger CRM 5 - Commercial Open Source CRM]&amp;gt; but was:&amp;lt;[Login]&amp;gt;">
      <![CDATA[junit.framework.ComparisonFailure: expected:<[Administrator - Home - vtiger CRM 5 - Commercial Open Source CRM]> but was:<[Login]>
at junit.framework.Assert.assertEquals(Assert.java:100)
at junit.framework.Assert.assertEquals(Assert.java:107)
at Practicetest.InvoiceTest.createInvoiceTest(InvoiceTest.java:16)
at java.base/java.util.ArrayList.forEach(ArrayList.java:1596)
... Removed 25 stack frames]]>
    </failure>
  </testcase> <!-- createInvoiceTest -->
  <testcase classname="Practicetest.InvoiceTest" name="createInvoicewithContactTest" time="0.004"/>
</testsuite> <!-- Test -->
