<?xml version="1.0" encoding="UTF-8"?>
<!-- Generated by org.testng.reporters.JUnitXMLReporter -->
<testsuite ignored="2" hostname="DESKTOP-GC6KELD" failures="0" tests="6" name="TestRunner-edge" time="187.323" errors="0" timestamp="2024-07-09T15:15:14 IST">
  <testcase classname="com.comcast.crm.contacttest.CreateContact_Test" name="CreateContactTest" time="25.004"/>
  <testcase classname="com.comcast.crm.contacttest.CreateContact_Test" name="createContactWithsupportDateTest" time="17.692"/>
  <testcase classname="com.comcast.crm.contacttest.CreateContact_Test" name="createcontactwithOrgTest" time="32.633"/>
  <testcase classname="com.comcast.crm.orgtest.CreateOrgtest" name="CreateOrganizationtest" time="20.753"/>
  <testcase classname="com.comcast.crm.orgtest.CreateOrgtest" name="createorgwithind" time="16.722"/>
  <testcase classname="com.comcast.crm.orgtest.CreateOrgtest" name="createorgwithphone" time="16.204"/>
  <testcase classname="com.comcast.crm.basetest.BaseClass" name="@BeforeSuite configBS" time="0.0">
    <ignored/>
  </testcase> <!-- @BeforeSuite configBS -->
  <testcase classname="com.comcast.crm.basetest.BaseClass" name="@AfterSuite configAS" time="0.0">
    <ignored/>
  </testcase> <!-- @AfterSuite configAS -->
</testsuite> <!-- TestRunner-edge -->
