<?xml version="1.0" encoding="UTF-8"?>
<!-- Generated by org.testng.reporters.JUnitXMLReporter -->
<testsuite ignored="2" hostname="DESKTOP-GC6KELD" failures="0" tests="6" name="TestRunner-chrome" time="186.626" errors="0" timestamp="2024-07-09T15:15:13 IST">
  <testcase classname="com.comcast.crm.contacttest.CreateContact_Test" name="CreateContactTest" time="24.409"/>
  <testcase classname="com.comcast.crm.contacttest.CreateContact_Test" name="createContactWithsupportDateTest" time="17.562"/>
  <testcase classname="com.comcast.crm.contacttest.CreateContact_Test" name="createcontactwithOrgTest" time="32.011"/>
  <testcase classname="com.comcast.crm.orgtest.CreateOrgtest" name="CreateOrganizationtest" time="21.507"/>
  <testcase classname="com.comcast.crm.orgtest.CreateOrgtest" name="createorgwithind" time="18.209"/>
  <testcase classname="com.comcast.crm.orgtest.CreateOrgtest" name="createorgwithphone" time="17.292"/>
  <testcase classname="com.comcast.crm.basetest.BaseClass" name="@BeforeSuite configBS" time="0.0">
    <ignored/>
  </testcase> <!-- @BeforeSuite configBS -->
  <testcase classname="com.comcast.crm.basetest.BaseClass" name="@AfterSuite configAS" time="0.0">
    <ignored/>
  </testcase> <!-- @AfterSuite configAS -->
</testsuite> <!-- TestRunner-chrome -->
